<?xml version="1.0" encoding="UTF-8" ?>
<testsuite errors="0" failures="0" hostname="Glowworm" name="com.dariancabot.protek608.DecoderTest" skipped="0" tests="9" time="0.092" timestamp="2015-10-24T19:17:07">
  <properties>
[...]
</properties>
  <testcase classname="com.dariancabot.protek608.DecoderTest" name="testDecodeSerialDataExceptionPacketLength" time="0.007" />
  <testcase classname="com.dariancabot.protek608.DecoderTest" name="testDecodeSerialData5" time="0.003" />
  <testcase classname="com.dariancabot.protek608.DecoderTest" name="testDecodeSerialData3" time="0.0" />
  <testcase classname="com.dariancabot.protek608.DecoderTest" name="testDecodeSerialData1" time="0.001" />
  <testcase classname="com.dariancabot.protek608.DecoderTest" name="testDecodeSerialData6" time="0.001" />
  <testcase classname="com.dariancabot.protek608.DecoderTest" name="testDecodeSerialData8" time="0.0" />
  <testcase classname="com.dariancabot.protek608.DecoderTest" name="testDecodeSerialData4" time="0.0" />
  <testcase classname="com.dariancabot.protek608.DecoderTest" name="testDecodeSerialData7" time="0.0" />
  <testcase classname="com.dariancabot.protek608.DecoderTest" name="testDecodeSerialData2" time="0.0" />
  <system-out><![CDATA[]]></system-out>
  <system-err><![CDATA[]]></system-err>
</testsuite>
