<?xml version="1.0" encoding="UTF-8" ?>
<testsuite errors="0" failures="5" hostname="Darian-Inspiron" name="com.dariancabot.protek608.DecoderTest" skipped="0" tests="9" time="0.093" timestamp="2015-10-26T08:32:40">
  <properties>
[...]
</properties>
  <testcase classname="com.dariancabot.protek608.DecoderTest" name="testDecodeSerialDataExceptionPacketLength" time="0.016" />
  <testcase classname="com.dariancabot.protek608.DecoderTest" name="testDecodeSerialData8" time="0.0">
    <failure message="&#xa;Expected: &quot;???&quot;&#xa;     got: null&#xa;" type="junit.framework.AssertionFailedError">junit.framework.AssertionFailedError: 
Expected: &quot;???&quot;
     got: null

	at com.dariancabot.protek608.DecoderTest.testDecodeSerialData8(DecoderTest.java:471)
</failure>
  </testcase>
  <testcase classname="com.dariancabot.protek608.DecoderTest" name="testDecodeSerialData3" time="0.0" />
  <testcase classname="com.dariancabot.protek608.DecoderTest" name="testDecodeSerialData1" time="0.015" />
  <testcase classname="com.dariancabot.protek608.DecoderTest" name="testDecodeSerialData4" time="0.0">
    <failure message="&#xa;Expected: &quot;???&quot;&#xa;     got: &quot;AC&quot;&#xa;" type="junit.framework.AssertionFailedError">junit.framework.AssertionFailedError: 
Expected: &quot;???&quot;
     got: &quot;AC&quot;

	at com.dariancabot.protek608.DecoderTest.testDecodeSerialData4(DecoderTest.java:209)
</failure>
  </testcase>
  <testcase classname="com.dariancabot.protek608.DecoderTest" name="testDecodeSerialData2" time="0.0" />
  <testcase classname="com.dariancabot.protek608.DecoderTest" name="testDecodeSerialData5" time="0.0">
    <failure message="&#xa;Expected: &quot;???&quot;&#xa;     got: null&#xa;" type="junit.framework.AssertionFailedError">junit.framework.AssertionFailedError: 
Expected: &quot;???&quot;
     got: null

	at com.dariancabot.protek608.DecoderTest.testDecodeSerialData5(DecoderTest.java:275)
</failure>
  </testcase>
  <testcase classname="com.dariancabot.protek608.DecoderTest" name="testDecodeSerialData7" time="0.0">
    <failure message="&#xa;Expected: &quot;???&quot;&#xa;     got: null&#xa;" type="junit.framework.AssertionFailedError">junit.framework.AssertionFailedError: 
Expected: &quot;???&quot;
     got: null

	at com.dariancabot.protek608.DecoderTest.testDecodeSerialData7(DecoderTest.java:405)
</failure>
  </testcase>
  <testcase classname="com.dariancabot.protek608.DecoderTest" name="testDecodeSerialData6" time="0.0">
    <failure message="&#xa;Expected: &quot;???&quot;&#xa;     got: null&#xa;" type="junit.framework.AssertionFailedError">junit.framework.AssertionFailedError: 
Expected: &quot;???&quot;
     got: null

	at com.dariancabot.protek608.DecoderTest.testDecodeSerialData6(DecoderTest.java:340)
</failure>
  </testcase>
  <system-out><![CDATA[]]></system-out>
  <system-err><![CDATA[]]></system-err>
</testsuite>
